<?xml version="1.0" encoding="UTF-8"?>
<!-- Generated by org.testng.reporters.JUnitReportReporter -->
<testsuite skipped="0" hostname="INW1PF0MPW77" name="testng.tests.TestNGDemo" tests="2" failures="0" timestamp="26 Apr 2020 05:26:20 GMT" time="0.017" errors="0">
  <testcase name="test4" time="0.002" classname="testng.tests.TestNGDemo"/>
  <testcase name="test3" time="0.015" classname="testng.tests.TestNGDemo"/>
</testsuite> <!-- testng.tests.TestNGDemo -->
